<?xml version="1.0" encoding="UTF-8"?>
<testsuite name="com.example.brmproject.BrmprojectApplicationTests" tests="1" skipped="0" failures="0" errors="0" timestamp="2024-01-03T22:12:19" hostname="MSI" time="0.499">
  <properties/>
  <testcase name="contextLoads()" classname="com.example.brmproject.BrmprojectApplicationTests" time="0.499"/>
  <system-out><![CDATA[05:12:14.022 [Test worker] INFO org.springframework.test.context.support.AnnotationConfigContextLoaderUtils -- Could not detect default configuration classes for test class [com.example.brmproject.BrmprojectApplicationTests]: BrmprojectApplicationTests does not declare any static, non-private, non-final, nested classes annotated with @Configuration.
05:12:14.168 [Test worker] INFO org.springframework.boot.test.context.SpringBootTestContextBootstrapper -- Found @SpringBootConfiguration com.example.brmproject.BrmprojectApplication for test class com.example.brmproject.BrmprojectApplicationTests

  .   ____          _            __ _ _
 /\\ / ___'_ __ _ _(_)_ __  __ _ \ \ \ \
( ( )\___ | '_ | '_| | '_ \/ _` | \ \ \ \
 \\/  ___)| |_)| | | | | || (_| |  ) ) ) )
  '  |____| .__|_| |_|_| |_\__, | / / / /
 =========|_|==============|___/=/_/_/_/
 :: Spring Boot ::                (v3.2.1)

2024-01-04T05:12:14.533+07:00  INFO 16852 --- [    Test worker] c.e.b.BrmprojectApplicationTests         : Starting BrmprojectApplicationTests using Java 17.0.9 with PID 16852 (started by Trung GPT in D:\Work\codepresso\New folder\brmproject)
2024-01-04T05:12:14.535+07:00  INFO 16852 --- [    Test worker] c.e.b.BrmprojectApplicationTests         : No active profile set, falling back to 1 default profile: "default"
2024-01-04T05:12:15.534+07:00  INFO 16852 --- [    Test worker] .s.d.r.c.RepositoryConfigurationDelegate : Bootstrapping Spring Data JPA repositories in DEFAULT mode.
2024-01-04T05:12:15.608+07:00  INFO 16852 --- [    Test worker] .s.d.r.c.RepositoryConfigurationDelegate : Finished Spring Data repository scanning in 67 ms. Found 11 JPA repository interfaces.
2024-01-04T05:12:16.243+07:00  INFO 16852 --- [    Test worker] o.hibernate.jpa.internal.util.LogHelper  : HHH000204: Processing PersistenceUnitInfo [name: default]
2024-01-04T05:12:16.322+07:00  INFO 16852 --- [    Test worker] org.hibernate.Version                    : HHH000412: Hibernate ORM core version 6.4.1.Final
2024-01-04T05:12:16.371+07:00  INFO 16852 --- [    Test worker] o.h.c.internal.RegionFactoryInitiator    : HHH000026: Second-level cache disabled
2024-01-04T05:12:16.596+07:00  INFO 16852 --- [    Test worker] o.s.o.j.p.SpringPersistenceUnitInfo      : No LoadTimeWeaver setup: ignoring JPA class transformer
2024-01-04T05:12:16.621+07:00  INFO 16852 --- [    Test worker] com.zaxxer.hikari.HikariDataSource       : HikariPool-1 - Starting...
2024-01-04T05:12:16.757+07:00  INFO 16852 --- [    Test worker] com.zaxxer.hikari.pool.HikariPool        : HikariPool-1 - Added connection com.mysql.cj.jdbc.ConnectionImpl@4de158ca
2024-01-04T05:12:16.758+07:00  INFO 16852 --- [    Test worker] com.zaxxer.hikari.HikariDataSource       : HikariPool-1 - Start completed.
2024-01-04T05:12:16.787+07:00  WARN 16852 --- [    Test worker] org.hibernate.dialect.Dialect            : HHH000511: The 5.5.0 version for [org.hibernate.dialect.MySQLDialect] is no longer supported, hence certain features may not work properly. The minimum supported version is 8.0.0. Check the community dialects project for available legacy versions.
2024-01-04T05:12:16.790+07:00  WARN 16852 --- [    Test worker] org.hibernate.orm.deprecation            : HHH90000025: MySQLDialect does not need to be specified explicitly using 'hibernate.dialect' (remove the property setting and it will be selected by default)
2024-01-04T05:12:17.606+07:00  INFO 16852 --- [    Test worker] o.h.e.t.j.p.i.JtaPlatformInitiator       : HHH000489: No JTA platform available (set 'hibernate.transaction.jta.platform' to enable JTA platform integration)
2024-01-04T05:12:17.859+07:00  INFO 16852 --- [    Test worker] j.LocalContainerEntityManagerFactoryBean : Initialized JPA EntityManagerFactory for persistence unit 'default'
2024-01-04T05:12:18.552+07:00  INFO 16852 --- [    Test worker] o.s.d.j.r.query.QueryEnhancerFactory     : Hibernate is in classpath; If applicable, HQL parser will be used.
2024-01-04T05:12:18.894+07:00  WARN 16852 --- [    Test worker] JpaBaseConfiguration$JpaWebConfiguration : spring.jpa.open-in-view is enabled by default. Therefore, database queries may be performed during view rendering. Explicitly configure spring.jpa.open-in-view to disable this warning
2024-01-04T05:12:19.295+07:00  INFO 16852 --- [    Test worker] o.s.s.web.DefaultSecurityFilterChain     : Will secure any request with [org.springframework.security.web.session.DisableEncodeUrlFilter@5eb974, org.springframework.security.web.context.request.async.WebAsyncManagerIntegrationFilter@72f112d1, org.springframework.security.web.context.SecurityContextHolderFilter@31906cb2, org.springframework.security.web.header.HeaderWriterFilter@746cb25d, org.springframework.web.filter.CorsFilter@10faebc9, org.springframework.security.web.authentication.logout.LogoutFilter@41f05f1, com.example.brmproject.security.jwt.AuthTokenFilter@9fe1e14, org.springframework.security.web.savedrequest.RequestCacheAwareFilter@67171221, org.springframework.security.web.servletapi.SecurityContextHolderAwareRequestFilter@2f3a3fec, org.springframework.security.web.authentication.AnonymousAuthenticationFilter@3927de0e, org.springframework.security.web.access.ExceptionTranslationFilter@2ff30a75, org.springframework.security.web.access.intercept.AuthorizationFilter@2f6bb6d8]
2024-01-04T05:12:19.778+07:00  INFO 16852 --- [    Test worker] c.e.b.BrmprojectApplicationTests         : Started BrmprojectApplicationTests in 5.441 seconds (process running for 6.533)
]]></system-out>
  <system-err><![CDATA[]]></system-err>
</testsuite>
